<?xml version="1.0" encoding="UTF-8"?>
<!-- Generated by org.testng.reporters.JUnitReportReporter -->
<testsuite hostname="DESKTOP-3TMJ3L8" failures="0" tests="1" name="ua.com.pravda.newstitletest.NewsTitleTest" time="7.714" errors="0" timestamp="2021-06-15T22:59:54 EEST" skipped="0">
  <testcase classname="ua.com.pravda.newstitletest.NewsTitleTest" name="test_news_page_title" time="7.714"/>
  <system-out/>
</testsuite> <!-- ua.com.pravda.newstitletest.NewsTitleTest -->
